Using pre-set license
Built from '2020.3/staging' branch; Version is '2020.3.11f1 (99c7afb366b3) revision 10078127'; Using compiler version '192528614'; Build Type 'Release'
OS: 'Windows 10 Home; OS build 22631.3447; Version 2009; 64bit' Language: 'en' Physical Memory: 14222 MB
BatchMode: 1, IsHumanControllingUs: 0, StartBugReporterOnCrash: 0, Is64bit: 1, IsPro: 0

 COMMAND LINE ARGUMENTS:
C:\Program Files\Unity\Hub\Editor\2020.3.11f1\Editor\Unity.exe
-adb2
-batchMode
-noUpm
-name
AssetImportWorker0
-projectPath
D:/Game Engine/TTT_PDNV
-logFile
Logs/AssetImportWorker0.log
-srvPort
50852
Successfully changed project path to: D:/Game Engine/TTT_PDNV
D:/Game Engine/TTT_PDNV
Using Asset Import Pipeline V2.
Refreshing native plugins compatible for Editor in 57.62 ms, found 3 plugins.
Preloading 0 native plugins for Editor in 0.00 ms.
Initialize engine version: 2020.3.11f1 (99c7afb366b3)
[Subsystems] Discovering subsystems at path C:/Program Files/Unity/Hub/Editor/2020.3.11f1/Editor/Data/Resources/UnitySubsystems
[Subsystems] Discovering subsystems at path D:/Game Engine/TTT_PDNV/Assets
GfxDevice: creating device client; threaded=0
Direct3D:
    Version:  Direct3D 11.0 [level 11.1]
    Renderer: AMD Radeon(TM) Graphics (ID=0x15d8)
    Vendor:   
    VRAM:     7111 MB
    Driver:   31.0.12028.2
Initialize mono
Mono path[0] = 'C:/Program Files/Unity/Hub/Editor/2020.3.11f1/Editor/Data/Managed'
Mono path[1] = 'C:/Program Files/Unity/Hub/Editor/2020.3.11f1/Editor/Data/MonoBleedingEdge/lib/mono/unityjit'
Mono config path = 'C:/Program Files/Unity/Hub/Editor/2020.3.11f1/Editor/Data/MonoBleedingEdge/etc'
Using monoOptions --debugger-agent=transport=dt_socket,embedding=1,server=y,suspend=n,address=127.0.0.1:56668
Begin MonoManager ReloadAssembly
Registering precompiled unity dll's ...
Register platform support module: C:/Program Files/Unity/Hub/Editor/2020.3.11f1/Editor/Data/PlaybackEngines/WindowsStandaloneSupport/UnityEditor.WindowsStandalone.Extensions.dll
Registered in 0.001988 seconds.
Native extension for WindowsStandalone target not found
Refreshing native plugins compatible for Editor in 57.32 ms, found 3 plugins.
Preloading 0 native plugins for Editor in 0.00 ms.
Mono: successfully reloaded assembly
- Completed reload, in  2.036 seconds
Platform modules already initialized, skipping
Registering precompiled user dll's ...
Registered in 0.257938 seconds.
Begin MonoManager ReloadAssembly
Native extension for WindowsStandalone target not found
Refreshing native plugins compatible for Editor in 99.62 ms, found 3 plugins.
Preloading 0 native plugins for Editor in 0.00 ms.
Mono: successfully reloaded assembly
- Completed reload, in  2.883 seconds
Platform modules already initialized, skipping
========================================================================
Worker process is ready to serve import requests
Launched and connected shader compiler UnityShaderCompiler.exe after 0.17 seconds
Refreshing native plugins compatible for Editor in 0.83 ms, found 3 plugins.
Preloading 0 native plugins for Editor in 0.00 ms.
Unloading 2081 Unused Serialized files (Serialized files now loaded: 0)
System memory in use before: 92.8 MB.
System memory in use after: 92.9 MB.

Unloading 28 unused Assets to reduce memory usage. Loaded Objects now: 2520.
Total: 7.470900 ms (FindLiveObjects: 0.690500 ms CreateObjectMapping: 0.169200 ms MarkObjects: 6.464100 ms  DeleteObjects: 0.142300 ms)

========================================================================
Received Prepare
Registering precompiled user dll's ...
Registered in 0.005818 seconds.
Begin MonoManager ReloadAssembly
Native extension for WindowsStandalone target not found
Refreshing native plugins compatible for Editor in 0.99 ms, found 3 plugins.
Preloading 0 native plugins for Editor in 0.00 ms.
Mono: successfully reloaded assembly
- Completed reload, in  2.148 seconds
Platform modules already initialized, skipping
Refreshing native plugins compatible for Editor in 0.78 ms, found 3 plugins.
Preloading 0 native plugins for Editor in 0.00 ms.
Unloading 2071 Unused Serialized files (Serialized files now loaded: 0)
System memory in use before: 92.2 MB.
System memory in use after: 92.3 MB.

Unloading 16 unused Assets to reduce memory usage. Loaded Objects now: 2524.
Total: 4.583900 ms (FindLiveObjects: 0.409500 ms CreateObjectMapping: 0.076400 ms MarkObjects: 4.058000 ms  DeleteObjects: 0.038100 ms)

========================================================================
Received Import Request.
  path: Assets/TicTacToe.cs
  artifactKey: Guid(a087486b884d1264fa33c49851321782) Importer(815301076,1909f56bfc062723c751e8b465ee728b)
Start importing Assets/TicTacToe.cs using Guid(a087486b884d1264fa33c49851321782) Importer(815301076,1909f56bfc062723c751e8b465ee728b)  -> (artifact id: '5c4a33fce7a37ebdb9311459c53e4f76') in 0.077610 seconds
  Import took 0.084553 seconds .

========================================================================
Received Prepare
Registering precompiled user dll's ...
Registered in 0.006563 seconds.
Begin MonoManager ReloadAssembly
Native extension for WindowsStandalone target not found
Refreshing native plugins compatible for Editor in 0.81 ms, found 3 plugins.
Preloading 0 native plugins for Editor in 0.00 ms.
Mono: successfully reloaded assembly
- Completed reload, in  1.847 seconds
Platform modules already initialized, skipping
Refreshing native plugins compatible for Editor in 0.70 ms, found 3 plugins.
Preloading 0 native plugins for Editor in 0.00 ms.
Unloading 2071 Unused Serialized files (Serialized files now loaded: 0)
System memory in use before: 92.3 MB.
System memory in use after: 92.4 MB.

Unloading 16 unused Assets to reduce memory usage. Loaded Objects now: 2528.
Total: 3.810300 ms (FindLiveObjects: 0.278300 ms CreateObjectMapping: 0.076600 ms MarkObjects: 3.416400 ms  DeleteObjects: 0.036900 ms)

========================================================================
Received Import Request.
  Time since last request: 458.465128 seconds.
  path: Assets/TicTacToe.cs
  artifactKey: Guid(a087486b884d1264fa33c49851321782) Importer(815301076,1909f56bfc062723c751e8b465ee728b)
Start importing Assets/TicTacToe.cs using Guid(a087486b884d1264fa33c49851321782) Importer(815301076,1909f56bfc062723c751e8b465ee728b)  -> (artifact id: '8429868320364f0daa5d973db174c2f2') in 0.016485 seconds
  Import took 0.023154 seconds .

========================================================================
Received Prepare
Registering precompiled user dll's ...
Registered in 0.003810 seconds.
Begin MonoManager ReloadAssembly
Native extension for WindowsStandalone target not found
Refreshing native plugins compatible for Editor in 0.62 ms, found 3 plugins.
Preloading 0 native plugins for Editor in 0.00 ms.
Mono: successfully reloaded assembly
- Completed reload, in  1.394 seconds
Platform modules already initialized, skipping
Refreshing native plugins compatible for Editor in 0.68 ms, found 3 plugins.
Preloading 0 native plugins for Editor in 0.00 ms.
Unloading 2071 Unused Serialized files (Serialized files now loaded: 0)
System memory in use before: 92.3 MB.
System memory in use after: 92.4 MB.

Unloading 16 unused Assets to reduce memory usage. Loaded Objects now: 2532.
Total: 3.295700 ms (FindLiveObjects: 0.261200 ms CreateObjectMapping: 0.068700 ms MarkObjects: 2.930500 ms  DeleteObjects: 0.033500 ms)

========================================================================
Received Prepare
Registering precompiled user dll's ...
Registered in 0.005041 seconds.
Begin MonoManager ReloadAssembly
Native extension for WindowsStandalone target not found
Refreshing native plugins compatible for Editor in 0.94 ms, found 3 plugins.
Preloading 0 native plugins for Editor in 0.00 ms.
Mono: successfully reloaded assembly
- Completed reload, in  1.949 seconds
Platform modules already initialized, skipping
Refreshing native plugins compatible for Editor in 3.24 ms, found 3 plugins.
Preloading 0 native plugins for Editor in 0.00 ms.
Unloading 2071 Unused Serialized files (Serialized files now loaded: 0)
System memory in use before: 92.3 MB.
System memory in use after: 92.4 MB.

Unloading 16 unused Assets to reduce memory usage. Loaded Objects now: 2536.
Total: 6.814100 ms (FindLiveObjects: 0.797800 ms CreateObjectMapping: 0.482900 ms MarkObjects: 5.485100 ms  DeleteObjects: 0.045000 ms)

========================================================================
Received Prepare
Registering precompiled user dll's ...
Registered in 0.004519 seconds.
Begin MonoManager ReloadAssembly
Native extension for WindowsStandalone target not found
Refreshing native plugins compatible for Editor in 0.62 ms, found 3 plugins.
Preloading 0 native plugins for Editor in 0.00 ms.
Mono: successfully reloaded assembly
- Completed reload, in  1.962 seconds
Platform modules already initialized, skipping
Refreshing native plugins compatible for Editor in 0.78 ms, found 3 plugins.
Preloading 0 native plugins for Editor in 0.00 ms.
Unloading 2071 Unused Serialized files (Serialized files now loaded: 0)
System memory in use before: 92.3 MB.
System memory in use after: 92.5 MB.

Unloading 16 unused Assets to reduce memory usage. Loaded Objects now: 2540.
Total: 5.276800 ms (FindLiveObjects: 0.561500 ms CreateObjectMapping: 0.251300 ms MarkObjects: 4.424400 ms  DeleteObjects: 0.037200 ms)

========================================================================
Received Import Request.
  Time since last request: 316.522494 seconds.
  path: Assets/TicTacToe.cs
  artifactKey: Guid(a087486b884d1264fa33c49851321782) Importer(815301076,1909f56bfc062723c751e8b465ee728b)
Start importing Assets/TicTacToe.cs using Guid(a087486b884d1264fa33c49851321782) Importer(815301076,1909f56bfc062723c751e8b465ee728b)  -> (artifact id: 'f69dfce8e63ed8548fd5eb78c0675b57') in 0.010864 seconds
  Import took 0.017913 seconds .

========================================================================
Received Prepare
Registering precompiled user dll's ...
Registered in 0.005065 seconds.
Begin MonoManager ReloadAssembly
Native extension for WindowsStandalone target not found
Refreshing native plugins compatible for Editor in 0.90 ms, found 3 plugins.
Preloading 0 native plugins for Editor in 0.00 ms.
Mono: successfully reloaded assembly
- Completed reload, in  1.521 seconds
Platform modules already initialized, skipping
Refreshing native plugins compatible for Editor in 0.59 ms, found 3 plugins.
Preloading 0 native plugins for Editor in 0.00 ms.
Unloading 2071 Unused Serialized files (Serialized files now loaded: 0)
System memory in use before: 92.4 MB.
System memory in use after: 92.5 MB.

Unloading 16 unused Assets to reduce memory usage. Loaded Objects now: 2544.
Total: 3.542900 ms (FindLiveObjects: 0.408400 ms CreateObjectMapping: 0.131500 ms MarkObjects: 2.970700 ms  DeleteObjects: 0.030500 ms)

========================================================================
Received Prepare
Registering precompiled user dll's ...
Registered in 0.004567 seconds.
Begin MonoManager ReloadAssembly
Native extension for WindowsStandalone target not found
Refreshing native plugins compatible for Editor in 1.65 ms, found 3 plugins.
Preloading 0 native plugins for Editor in 0.00 ms.
Mono: successfully reloaded assembly
- Completed reload, in  2.029 seconds
Platform modules already initialized, skipping
Refreshing native plugins compatible for Editor in 0.68 ms, found 3 plugins.
Preloading 0 native plugins for Editor in 0.00 ms.
Unloading 2071 Unused Serialized files (Serialized files now loaded: 0)
System memory in use before: 92.4 MB.
System memory in use after: 92.5 MB.

Unloading 16 unused Assets to reduce memory usage. Loaded Objects now: 2548.
Total: 2.886400 ms (FindLiveObjects: 0.260800 ms CreateObjectMapping: 0.055700 ms MarkObjects: 2.540600 ms  DeleteObjects: 0.027600 ms)

========================================================================
Received Import Request.
  Time since last request: 75.977731 seconds.
  path: Assets/Scenes
  artifactKey: Guid(9dd977ab59287114e8ec3de135bf4e24) Importer(815301076,1909f56bfc062723c751e8b465ee728b)
Start importing Assets/Scenes using Guid(9dd977ab59287114e8ec3de135bf4e24) Importer(815301076,1909f56bfc062723c751e8b465ee728b)  -> (artifact id: '3b6696cbdc03d7fdef1ddd14a7ae6a7d') in 0.016663 seconds
  Import took 0.032109 seconds .

========================================================================
Received Prepare
Registering precompiled user dll's ...
Registered in 0.003448 seconds.
Begin MonoManager ReloadAssembly
Native extension for WindowsStandalone target not found
Refreshing native plugins compatible for Editor in 0.68 ms, found 3 plugins.
Preloading 0 native plugins for Editor in 0.00 ms.
Mono: successfully reloaded assembly
- Completed reload, in  1.298 seconds
Platform modules already initialized, skipping
Refreshing native plugins compatible for Editor in 0.75 ms, found 3 plugins.
Preloading 0 native plugins for Editor in 0.00 ms.
Unloading 2071 Unused Serialized files (Serialized files now loaded: 0)
System memory in use before: 92.4 MB.
System memory in use after: 92.5 MB.

Unloading 16 unused Assets to reduce memory usage. Loaded Objects now: 2552.
Total: 4.623300 ms (FindLiveObjects: 0.350700 ms CreateObjectMapping: 0.114700 ms MarkObjects: 4.117300 ms  DeleteObjects: 0.038100 ms)

========================================================================
Received Prepare
Registering precompiled user dll's ...
Registered in 0.003336 seconds.
Begin MonoManager ReloadAssembly
Native extension for WindowsStandalone target not found
Refreshing native plugins compatible for Editor in 0.56 ms, found 3 plugins.
Preloading 0 native plugins for Editor in 0.00 ms.
Mono: successfully reloaded assembly
- Completed reload, in  1.372 seconds
Platform modules already initialized, skipping
Refreshing native plugins compatible for Editor in 0.56 ms, found 3 plugins.
Preloading 0 native plugins for Editor in 0.00 ms.
Unloading 2070 Unused Serialized files (Serialized files now loaded: 0)
System memory in use before: 92.4 MB.
System memory in use after: 92.5 MB.

Unloading 17 unused Assets to reduce memory usage. Loaded Objects now: 2555.
Total: 4.017600 ms (FindLiveObjects: 0.345900 ms CreateObjectMapping: 0.115200 ms MarkObjects: 3.521400 ms  DeleteObjects: 0.033100 ms)

========================================================================
Received Prepare
Registering precompiled user dll's ...
Registered in 0.004501 seconds.
Begin MonoManager ReloadAssembly
Native extension for WindowsStandalone target not found
Refreshing native plugins compatible for Editor in 0.55 ms, found 3 plugins.
Preloading 0 native plugins for Editor in 0.00 ms.
Mono: successfully reloaded assembly
- Completed reload, in  1.249 seconds
Platform modules already initialized, skipping
Refreshing native plugins compatible for Editor in 0.55 ms, found 3 plugins.
Preloading 0 native plugins for Editor in 0.00 ms.
Unloading 2070 Unused Serialized files (Serialized files now loaded: 0)
System memory in use before: 92.4 MB.
System memory in use after: 92.5 MB.

Unloading 16 unused Assets to reduce memory usage. Loaded Objects now: 2559.
Total: 3.718700 ms (FindLiveObjects: 0.461600 ms CreateObjectMapping: 0.126200 ms MarkObjects: 3.095100 ms  DeleteObjects: 0.034000 ms)

========================================================================
Received Import Request.
  Time since last request: 814.470772 seconds.
  path: Assets
  artifactKey: Guid(00000000000000001000000000000000) Importer(815301076,1909f56bfc062723c751e8b465ee728b)
Start importing Assets using Guid(00000000000000001000000000000000) Importer(815301076,1909f56bfc062723c751e8b465ee728b)  -> (artifact id: '42d402b061de3733987d63b9cc3b64de') in 0.015023 seconds
  Import took 0.020240 seconds .

========================================================================
Received Import Request.
  Time since last request: 12.696190 seconds.
  path: Assets/TicTacToeCode.cs
  artifactKey: Guid(9cb5dbdaeb136e14eb552f30df4a42da) Importer(815301076,1909f56bfc062723c751e8b465ee728b)
Start importing Assets/TicTacToeCode.cs using Guid(9cb5dbdaeb136e14eb552f30df4a42da) Importer(815301076,1909f56bfc062723c751e8b465ee728b)  -> (artifact id: '21b09bce362797f824c70a0d3682d4b5') in 0.011789 seconds
  Import took 0.017529 seconds .

========================================================================
Received Prepare
Registering precompiled user dll's ...
Registered in 0.004152 seconds.
Begin MonoManager ReloadAssembly
Native extension for WindowsStandalone target not found
Refreshing native plugins compatible for Editor in 0.68 ms, found 3 plugins.
Preloading 0 native plugins for Editor in 0.00 ms.
Mono: successfully reloaded assembly
- Completed reload, in  1.904 seconds
Platform modules already initialized, skipping
Refreshing native plugins compatible for Editor in 1.40 ms, found 3 plugins.
Preloading 0 native plugins for Editor in 0.00 ms.
Unloading 2071 Unused Serialized files (Serialized files now loaded: 0)
System memory in use before: 92.4 MB.
System memory in use after: 92.5 MB.

Unloading 16 unused Assets to reduce memory usage. Loaded Objects now: 2564.
Total: 4.713300 ms (FindLiveObjects: 0.510700 ms CreateObjectMapping: 0.103000 ms MarkObjects: 4.052700 ms  DeleteObjects: 0.043700 ms)

========================================================================
Received Import Request.
  Time since last request: 26.446886 seconds.
  path: Assets/TicTacToeCode.cs
  artifactKey: Guid(9cb5dbdaeb136e14eb552f30df4a42da) Importer(815301076,1909f56bfc062723c751e8b465ee728b)
Start importing Assets/TicTacToeCode.cs using Guid(9cb5dbdaeb136e14eb552f30df4a42da) Importer(815301076,1909f56bfc062723c751e8b465ee728b)  -> (artifact id: '4a431d5f583c0ca87dd49408e959e853') in 0.009992 seconds
  Import took 0.017321 seconds .

========================================================================
Received Import Request.
  Time since last request: 874.196152 seconds.
  path: Assets/TicTacToeCode.cs
  artifactKey: Guid(9cb5dbdaeb136e14eb552f30df4a42da) Importer(815301076,1909f56bfc062723c751e8b465ee728b)
Start importing Assets/TicTacToeCode.cs using Guid(9cb5dbdaeb136e14eb552f30df4a42da) Importer(815301076,1909f56bfc062723c751e8b465ee728b)  -> (artifact id: '64ee4e856fd637833bec2ff94c11f669') in 0.006100 seconds
  Import took 0.012613 seconds .

========================================================================
Received Prepare
Registering precompiled user dll's ...
Registered in 0.004489 seconds.
Begin MonoManager ReloadAssembly
Native extension for WindowsStandalone target not found
Refreshing native plugins compatible for Editor in 0.64 ms, found 3 plugins.
Preloading 0 native plugins for Editor in 0.00 ms.
Mono: successfully reloaded assembly
- Completed reload, in  1.832 seconds
Platform modules already initialized, skipping
Refreshing native plugins compatible for Editor in 1.02 ms, found 3 plugins.
Preloading 0 native plugins for Editor in 0.00 ms.
Unloading 2071 Unused Serialized files (Serialized files now loaded: 0)
System memory in use before: 92.4 MB.
System memory in use after: 92.5 MB.

Unloading 16 unused Assets to reduce memory usage. Loaded Objects now: 2568.
Total: 5.561100 ms (FindLiveObjects: 0.354400 ms CreateObjectMapping: 0.185300 ms MarkObjects: 4.975500 ms  DeleteObjects: 0.042600 ms)

========================================================================
Received Import Request.
  Time since last request: 82.568499 seconds.
  path: Assets/TicTacToeCode.cs
  artifactKey: Guid(9cb5dbdaeb136e14eb552f30df4a42da) Importer(815301076,1909f56bfc062723c751e8b465ee728b)
Start importing Assets/TicTacToeCode.cs using Guid(9cb5dbdaeb136e14eb552f30df4a42da) Importer(815301076,1909f56bfc062723c751e8b465ee728b)  -> (artifact id: '1824d6d29ea265ae5be24223195de5fb') in 0.008876 seconds
  Import took 0.016831 seconds .

========================================================================
Received Prepare
Registering precompiled user dll's ...
Registered in 0.003443 seconds.
Begin MonoManager ReloadAssembly
Native extension for WindowsStandalone target not found
Refreshing native plugins compatible for Editor in 0.55 ms, found 3 plugins.
Preloading 0 native plugins for Editor in 0.00 ms.
Mono: successfully reloaded assembly
- Completed reload, in  1.403 seconds
Platform modules already initialized, skipping
Refreshing native plugins compatible for Editor in 0.55 ms, found 3 plugins.
Preloading 0 native plugins for Editor in 0.00 ms.
Unloading 2071 Unused Serialized files (Serialized files now loaded: 0)
System memory in use before: 92.4 MB.
System memory in use after: 92.5 MB.

Unloading 16 unused Assets to reduce memory usage. Loaded Objects now: 2572.
Total: 3.719100 ms (FindLiveObjects: 0.296200 ms CreateObjectMapping: 0.084900 ms MarkObjects: 3.306100 ms  DeleteObjects: 0.029900 ms)

========================================================================
Received Import Request.
  Time since last request: 129.021308 seconds.
  path: Assets/TicTacToeCode.cs
  artifactKey: Guid(9cb5dbdaeb136e14eb552f30df4a42da) Importer(815301076,1909f56bfc062723c751e8b465ee728b)
Start importing Assets/TicTacToeCode.cs using Guid(9cb5dbdaeb136e14eb552f30df4a42da) Importer(815301076,1909f56bfc062723c751e8b465ee728b)  -> (artifact id: 'aa16821ee8c2d14b6cb5798c788b0d5d') in 0.008073 seconds
  Import took 0.014115 seconds .

